2025-02-17 19:23:43,714 - INFO - User input files loaded successfully.
2025-02-17 19:23:49,984 - INFO - Processing complete.
2025-02-17 19:23:50,652 - INFO - Expense analysis graphs generated successfully!
2025-02-17 19:23:50,773 - INFO - Non-recoverable costs graph generated successfully!
2025-02-17 19:23:50,861 - INFO - Opportunity Costs graph generated successfully!
2025-02-17 19:23:51,840 - INFO - Summary graph generated successfully!
2025-02-17 19:23:52,287 - INFO - Report generated: /Users/dalemarana/Documents/code_projects/python/HomeBuyingApp/home_buying_app/Reports/Doe_2025-02-17_Report2.pdf
2025-02-17 19:28:46,363 - INFO - User input files loaded successfully.
2025-02-17 19:28:52,522 - INFO - Processing complete.
2025-02-17 19:28:52,780 - INFO - Expense analysis graphs generated successfully!
2025-02-17 19:28:52,905 - INFO - Non-recoverable costs graph generated successfully!
2025-02-17 19:28:53,003 - INFO - Opportunity Costs graph generated successfully!
2025-02-17 19:28:54,005 - INFO - Summary graph generated successfully!
2025-02-17 19:28:54,299 - INFO - Report generated: /Users/dalemarana/Documents/code_projects/python/HomeBuyingApp/home_buying_app/Reports/Doe_2025-02-17_Report3.pdf
2025-02-17 19:31:04,133 - INFO - User input files loaded successfully.
2025-02-17 19:31:09,238 - INFO - Processing complete.
2025-02-17 19:31:09,484 - INFO - Expense analysis graphs generated successfully!
2025-02-17 19:31:09,606 - INFO - Non-recoverable costs graph generated successfully!
2025-02-17 19:31:09,689 - INFO - Opportunity Costs graph generated successfully!
2025-02-17 19:31:10,683 - INFO - Summary graph generated successfully!
2025-02-17 19:31:10,934 - INFO - Report generated: /Users/dalemarana/Documents/code_projects/python/HomeBuyingApp/home_buying_app/Reports/Doe_2025-02-17_Report4.pdf
2025-02-17 19:41:54,487 - INFO - User input files loaded successfully.
